<?xml version="1.0" encoding="UTF-8"?>
<!-- Generated by org.testng.reporters.JUnitXMLReporter -->
<testsuite ignored="2" hostname="LAPTOP-T1RAV8IF" failures="0" tests="1" name="Default test" time="36.853" errors="0" timestamp="2022-02-03T17:23:26 IST">
  <testcase classname="testScripts.AllySampleTest" name="testWebElement" time="22.003"/>
  <testcase classname="testScripts.AllySampleTest" name="testWithSelectors" time="0.0">
    <ignored/>
  </testcase> <!-- testWithSelectors -->
  <testcase classname="testScripts.AllySampleTest" name="sampleOneTest" time="0.0">
    <ignored/>
  </testcase> <!-- sampleOneTest -->
</testsuite> <!-- Default test -->
