<?xml version="1.0" encoding="UTF-8"?>
<testng-results ignored="2" total="3" passed="1" failed="0" skipped="0">
  <reporter-output>
  </reporter-output>
  <suite started-at="2022-02-03T17:22:49 IST" name="Default suite" finished-at="2022-02-03T17:23:25 IST" duration-ms="36853">
    <groups>
    </groups>
    <test started-at="2022-02-03T17:22:49 IST" name="Default test" finished-at="2022-02-03T17:23:25 IST" duration-ms="36853">
      <class name="testScripts.AllySampleTest">
        <test-method is-config="true" signature="setup()[pri:0, instance:testScripts.AllySampleTest@6356695f]" started-at="2022-02-03T17:22:49 IST" name="setup" finished-at="2022-02-03T17:23:03 IST" duration-ms="14745" status="PASS">
          <reporter-output>
          </reporter-output>
        </test-method> <!-- setup -->
        <test-method signature="testWebElement()[pri:0, instance:testScripts.AllySampleTest@6356695f]" started-at="2022-02-03T17:23:03 IST" name="testWebElement" finished-at="2022-02-03T17:23:25 IST" duration-ms="22003" status="PASS">
          <reporter-output>
          </reporter-output>
        </test-method> <!-- testWebElement -->
      </class> <!-- testScripts.AllySampleTest -->
    </test> <!-- Default test -->
  </suite> <!-- Default suite -->
</testng-results>
